                Time          Cycles PC       Instr    Mnemonic
                 221               7 00000000 00002003 lw               x0, 0(x0)            PA:00000000
                 241               8 00000004 00002003 lw               x0, 0(x0)            PA:00000000
                 261               9 00000008 00002003 lw               x0, 0(x0)            PA:00000000
                 281              10 0000000c 00002003 lw               x0, 0(x0)            PA:00000000
                 301              11 00000010 00002003 lw               x0, 0(x0)            PA:00000000
                 321              12 00000014 00002003 lw               x0, 0(x0)            PA:00000000
                 341              13 00000018 00002003 lw               x0, 0(x0)            PA:00000000
                 361              14 0000001c 00002003 lw               x0, 0(x0)            PA:00000000
                 381              15 00000020 00002003 lw               x0, 0(x0)            PA:00000000
                 401              16 00000024 00002003 lw               x0, 0(x0)            PA:00000000
                 421              17 00000028 00002003 lw               x0, 0(x0)            PA:00000000
                 441              18 0000002c 00002003 lw               x0, 0(x0)            PA:00000000
                 461              19 00000030 00002003 lw               x0, 0(x0)            PA:00000000
                 481              20 00000034 00002003 lw               x0, 0(x0)            PA:00000000
                 501              21 00000038 00002003 lw               x0, 0(x0)            PA:00000000
                 521              22 0000003c 00002003 lw               x0, 0(x0)            PA:00000000
                 541              23 00000040 00002003 lw               x0, 0(x0)            PA:00000000
                 561              24 00000044 00002003 lw               x0, 0(x0)            PA:00000000
                 581              25 00000048 00002003 lw               x0, 0(x0)            PA:00000000
                 601              26 0000004c 00002003 lw               x0, 0(x0)            PA:00000000
                 621              27 00000050 00002003 lw               x0, 0(x0)            PA:00000000
                 641              28 00000054 00002003 lw               x0, 0(x0)            PA:00000000
                 661              29 00000058 00002003 lw               x0, 0(x0)            PA:00000000
                 681              30 0000005c 00002003 lw               x0, 0(x0)            PA:00000000
                 701              31 00000060 00002003 lw               x0, 0(x0)            PA:00000000
                 721              32 00000064 00002003 lw               x0, 0(x0)            PA:00000000
                 741              33 00000068 00002003 lw               x0, 0(x0)            PA:00000000
                 761              34 0000006c 00002003 lw               x0, 0(x0)            PA:00000000
                 781              35 00000070 00002003 lw               x0, 0(x0)            PA:00000000
                 801              36 00000074 00002003 lw               x0, 0(x0)            PA:00000000
                 821              37 00000078 00002003 lw               x0, 0(x0)            PA:00000000
                 841              38 0000007c 00002003 lw               x0, 0(x0)            PA:00000000
                 861              39 00000080 00002003 lw               x0, 0(x0)            PA:00000000
                 881              40 00000084 00002003 lw               x0, 0(x0)            PA:00000000
                 901              41 00000088 00002003 lw               x0, 0(x0)            PA:00000000
                 921              42 0000008c 00002003 lw               x0, 0(x0)            PA:00000000
                 941              43 00000090 00002003 lw               x0, 0(x0)            PA:00000000
                 961              44 00000094 00002003 lw               x0, 0(x0)            PA:00000000
                 981              45 00000098 00002003 lw               x0, 0(x0)            PA:00000000
                1001              46 0000009c 1215356f jal              x10, 342304         x10=000000a0
                1041              48 000539bc 00a02023 sw               x10, 0(x0)          x10:000000a0  PA:00000000
                1061              49 000539c0 00a02023 sw               x10, 0(x0)          x10:000000a0  PA:00000000
                1081              50 000539c4 00a02023 sw               x10, 0(x0)          x10:000000a0  PA:00000000
                1101              51 000539c8 00a02023 sw               x10, 0(x0)          x10:000000a0  PA:00000000
                1121              52 000539cc 00a02023 sw               x10, 0(x0)          x10:000000a0  PA:00000000
                1141              53 000539d0 00a02023 sw               x10, 0(x0)          x10:000000a0  PA:00000000
                1161              54 000539d4 00a02023 sw               x10, 0(x0)          x10:000000a0  PA:00000000
                1181              55 000539d8 00a02023 sw               x10, 0(x0)          x10:000000a0  PA:00000000
                1201              56 000539dc 00a02023 sw               x10, 0(x0)          x10:000000a0  PA:00000000
                1221              57 000539e0 00a02023 sw               x10, 0(x0)          x10:000000a0  PA:00000000
                1241              58 000539e4 00a02023 sw               x10, 0(x0)          x10:000000a0  PA:00000000
                1261              59 000539e8 00a02023 sw               x10, 0(x0)          x10:000000a0  PA:00000000
                1281              60 000539ec 00a02023 sw               x10, 0(x0)          x10:000000a0  PA:00000000
                1301              61 000539f0 00a02023 sw               x10, 0(x0)          x10:000000a0  PA:00000000
                1321              62 000539f4 00a02023 sw               x10, 0(x0)          x10:000000a0  PA:00000000
                1341              63 000539f8 00a02023 sw               x10, 0(x0)          x10:000000a0  PA:00000000
                1361              64 000539fc 00a02023 sw               x10, 0(x0)          x10:000000a0
                1501               3 00000000 00a02023 sw               x10, 0(x0)          x10:00000000  PA:00000000
                1521               4 00000004 00a02023 sw               x10, 0(x0)          x10:00000000  PA:00000000
                1541               5 00000008 00a02023 sw               x10, 0(x0)          x10:00000000  PA:00000000
                1561               6 0000000c 00002003 lw               x0, 0(x0)            PA:00000000
                1581               7 00000010 00002003 lw               x0, 0(x0)            PA:00000000
                1601               8 00000014 00002003 lw               x0, 0(x0)            PA:00000000
                1621               9 00000018 00002003 lw               x0, 0(x0)            PA:00000000
                1641              10 0000001c 00002003 lw               x0, 0(x0)            PA:00000000
                1661              11 00000020 00002003 lw               x0, 0(x0)            PA:00000000
                1681              12 00000024 00002003 lw               x0, 0(x0)            PA:00000000
                1701              13 00000028 00002003 lw               x0, 0(x0)            PA:00000000
                1721              14 0000002c 00002003 lw               x0, 0(x0)            PA:00000000
                1741              15 00000030 00002003 lw               x0, 0(x0)            PA:00000000
                1761              16 00000034 00002003 lw               x0, 0(x0)            PA:00000000
                1781              17 00000038 00002003 lw               x0, 0(x0)            PA:00000000
                1801              18 0000003c 00002003 lw               x0, 0(x0)            PA:00000000
                1821              19 00000040 00002003 lw               x0, 0(x0)            PA:00000000
                1841              20 00000044 00002003 lw               x0, 0(x0)            PA:00000000
                1861              21 00000048 00002003 lw               x0, 0(x0)            PA:00000000
                1881              22 0000004c 00002003 lw               x0, 0(x0)            PA:00000000
                1901              23 00000050 00002003 lw               x0, 0(x0)            PA:00000000
                1921              24 00000054 00002003 lw               x0, 0(x0)            PA:00000000
                1941              25 00000058 00002003 lw               x0, 0(x0)            PA:00000000
                1961              26 0000005c 00002003 lw               x0, 0(x0)            PA:00000000
                1981              27 00000060 00002003 lw               x0, 0(x0)            PA:00000000
                2001              28 00000064 00002003 lw               x0, 0(x0)            PA:00000000
                2021              29 00000068 00002003 lw               x0, 0(x0)            PA:00000000
                2041              30 0000006c 00002003 lw               x0, 0(x0)            PA:00000000
                2061              31 00000070 00002003 lw               x0, 0(x0)            PA:00000000
                2081              32 00000074 00002003 lw               x0, 0(x0)            PA:00000000
                2101              33 00000078 00002003 lw               x0, 0(x0)            PA:00000000
                2121              34 0000007c 00002003 lw               x0, 0(x0)            PA:00000000
                2141              35 00000080 00002003 lw               x0, 0(x0)            PA:00000000
                2161              36 00000084 00002003 lw               x0, 0(x0)            PA:00000000
                2181              37 00000088 00002003 lw               x0, 0(x0)            PA:00000000
                2201              38 0000008c 00002003 lw               x0, 0(x0)            PA:00000000
                2221              39 00000090 00002003 lw               x0, 0(x0)            PA:00000000
                2241              40 00000094 00002003 lw               x0, 0(x0)            PA:00000000
                2261              41 00000098 00002003 lw               x0, 0(x0)            PA:00000000
                2281              42 0000009c 00002003 lw               x0, 0(x0)            PA:00000000
                2301              43 000000a0 00002003 lw               x0, 0(x0)            PA:00000000
                2321              44 000000a4 00002003 lw               x0, 0(x0)            PA:00000000
                2341              45 000000a8 00002003 lw               x0, 0(x0)            PA:00000000
                2361              46 000000ac 00f3e36f jal              x6, 256014           x6=000000b0
                2401              48 0003e8ba 00c10413 addi             x8, x2, 12           x8=0000000c  x2:00000000
                2421              49 0003e8bc 00602023 sw               x6, 0(x0)            x6:000000b0  PA:00000000
                2441              50 0003e8c0 00602023 sw               x6, 0(x0)            x6:000000b0  PA:00000000
                2461              51 0003e8c4 00602023 sw               x6, 0(x0)            x6:000000b0  PA:00000000
                2481              52 0003e8c8 00602023 sw               x6, 0(x0)            x6:000000b0  PA:00000000
                2501              53 0003e8cc 00602023 sw               x6, 0(x0)            x6:000000b0  PA:00000000
                2521              54 0003e8d0 00602023 sw               x6, 0(x0)            x6:000000b0  PA:00000000
                2541              55 0003e8d4 00602023 sw               x6, 0(x0)            x6:000000b0  PA:00000000
                2561              56 0003e8d8 00602023 sw               x6, 0(x0)            x6:000000b0  PA:00000000
                2581              57 0003e8dc 00602023 sw               x6, 0(x0)            x6:000000b0  PA:00000000
                2601              58 0003e8e0 00602023 sw               x6, 0(x0)            x6:000000b0  PA:00000000
                2621              59 0003e8e4 00602023 sw               x6, 0(x0)            x6:000000b0  PA:00000000
                2641              60 0003e8e8 00602023 sw               x6, 0(x0)            x6:000000b0  PA:00000000
                2661              61 0003e8ec 00602023 sw               x6, 0(x0)            x6:000000b0  PA:00000000
                2681              62 0003e8f0 00602023 sw               x6, 0(x0)            x6:000000b0  PA:00000000
                2701              63 0003e8f4 00602023 sw               x6, 0(x0)            x6:000000b0  PA:00000000
                2721              64 0003e8f8 00602023 sw               x6, 0(x0)            x6:000000b0
                2861               3 00000000 00602023 sw               x6, 0(x0)            x6:00000000  PA:00000000
                2881               4 00000004 00602023 sw               x6, 0(x0)            x6:00000000  PA:00000000
                2901               5 00000008 00602023 sw               x6, 0(x0)            x6:00000000  PA:00000000
                2921               6 0000000c 00002003 lw               x0, 0(x0)            PA:00000000
                2941               7 00000010 00002003 lw               x0, 0(x0)            PA:00000000
                2961               8 00000014 00002003 lw               x0, 0(x0)            PA:00000000
                2981               9 00000018 00002003 lw               x0, 0(x0)            PA:00000000
                3001              10 0000001c 00002003 lw               x0, 0(x0)            PA:00000000
                3021              11 00000020 00002003 lw               x0, 0(x0)            PA:00000000
                3041              12 00000024 00002003 lw               x0, 0(x0)            PA:00000000
                3061              13 00000028 00002003 lw               x0, 0(x0)            PA:00000000
                3081              14 0000002c 00002003 lw               x0, 0(x0)            PA:00000000
                3101              15 00000030 00002003 lw               x0, 0(x0)            PA:00000000
                3121              16 00000034 00002003 lw               x0, 0(x0)            PA:00000000
                3141              17 00000038 00002003 lw               x0, 0(x0)            PA:00000000
                3161              18 0000003c 00002003 lw               x0, 0(x0)            PA:00000000
                3181              19 00000040 00002003 lw               x0, 0(x0)            PA:00000000
                3201              20 00000044 00002003 lw               x0, 0(x0)            PA:00000000
                3221              21 00000048 00002003 lw               x0, 0(x0)            PA:00000000
                3241              22 0000004c 00002003 lw               x0, 0(x0)            PA:00000000
                3261              23 00000050 00002003 lw               x0, 0(x0)            PA:00000000
                3281              24 00000054 00002003 lw               x0, 0(x0)            PA:00000000
                3301              25 00000058 00002003 lw               x0, 0(x0)            PA:00000000
                3321              26 0000005c 00002003 lw               x0, 0(x0)            PA:00000000
                3341              27 00000060 00002003 lw               x0, 0(x0)            PA:00000000
                3361              28 00000064 00002003 lw               x0, 0(x0)            PA:00000000
                3381              29 00000068 00002003 lw               x0, 0(x0)            PA:00000000
                3401              30 0000006c 00002003 lw               x0, 0(x0)            PA:00000000
                3421              31 00000070 00002003 lw               x0, 0(x0)            PA:00000000
                3441              32 00000074 00002003 lw               x0, 0(x0)            PA:00000000
                3461              33 00000078 00002003 lw               x0, 0(x0)            PA:00000000
                3481              34 0000007c 00002003 lw               x0, 0(x0)            PA:00000000
                3501              35 00000080 00002003 lw               x0, 0(x0)            PA:00000000
                3521              36 00000084 00002003 lw               x0, 0(x0)            PA:00000000
                3541              37 00000088 00002003 lw               x0, 0(x0)            PA:00000000
                3561              38 0000008c 00002003 lw               x0, 0(x0)            PA:00000000
                3581              39 00000090 00002003 lw               x0, 0(x0)            PA:00000000
                3601              40 00000094 00002003 lw               x0, 0(x0)            PA:00000000
                3621              41 00000098 00002003 lw               x0, 0(x0)            PA:00000000
                3641              42 0000009c 00002003 lw               x0, 0(x0)            PA:00000000
                3661              43 000000a0 00002003 lw               x0, 0(x0)            PA:00000000
                3681              44 000000a4 00002003 lw               x0, 0(x0)            PA:00000000
                3701              45 000000a8 00002003 lw               x0, 0(x0)            PA:00000000
                3721              46 000000ac e2f784ef jal              x9, -553426          x9=000000b0
                3761              48 fff78eda 04010613 addi             x12, x2, 64         x12=00000040  x2:00000000
                3781              49 fff78edc 00902023 sw               x9, 0(x0)            x9:000000b0  PA:00000000
                3801              50 fff78ee0 00902023 sw               x9, 0(x0)            x9:000000b0  PA:00000000
                3821              51 fff78ee4 00902023 sw               x9, 0(x0)            x9:000000b0  PA:00000000
                3841              52 fff78ee8 00902023 sw               x9, 0(x0)            x9:000000b0  PA:00000000
                3861              53 fff78eec 00902023 sw               x9, 0(x0)            x9:000000b0  PA:00000000
                3881              54 fff78ef0 00902023 sw               x9, 0(x0)            x9:000000b0  PA:00000000
                3901              55 fff78ef4 00902023 sw               x9, 0(x0)            x9:000000b0  PA:00000000
                3921              56 fff78ef8 00902023 sw               x9, 0(x0)            x9:000000b0  PA:00000000
                3941              57 fff78efc 00902023 sw               x9, 0(x0)            x9:000000b0  PA:00000000
                3961              58 fff78f00 00902023 sw               x9, 0(x0)            x9:000000b0  PA:00000000
                3981              59 fff78f04 00902023 sw               x9, 0(x0)            x9:000000b0  PA:00000000
                4001              60 fff78f08 00902023 sw               x9, 0(x0)            x9:000000b0  PA:00000000
                4021              61 fff78f0c 00902023 sw               x9, 0(x0)            x9:000000b0  PA:00000000
                4041              62 fff78f10 00902023 sw               x9, 0(x0)            x9:000000b0  PA:00000000
                4061              63 fff78f14 00902023 sw               x9, 0(x0)            x9:000000b0  PA:00000000
                4081              64 fff78f18 00902023 sw               x9, 0(x0)            x9:000000b0
                4221               3 00000000 00902023 sw               x9, 0(x0)            x9:00000000  PA:00000000
                4241               4 00000004 00902023 sw               x9, 0(x0)            x9:00000000  PA:00000000
                4261               5 00000008 00902023 sw               x9, 0(x0)            x9:00000000  PA:00000000
                4281               6 0000000c 00002003 lw               x0, 0(x0)            PA:00000000
                4301               7 00000010 00002003 lw               x0, 0(x0)            PA:00000000
                4321               8 00000014 00002003 lw               x0, 0(x0)            PA:00000000
                4341               9 00000018 00002003 lw               x0, 0(x0)            PA:00000000
                4361              10 0000001c 00002003 lw               x0, 0(x0)            PA:00000000
                4381              11 00000020 00002003 lw               x0, 0(x0)            PA:00000000
                4401              12 00000024 00002003 lw               x0, 0(x0)            PA:00000000
                4421              13 00000028 00002003 lw               x0, 0(x0)            PA:00000000
                4441              14 0000002c 00002003 lw               x0, 0(x0)            PA:00000000
                4461              15 00000030 00002003 lw               x0, 0(x0)            PA:00000000
                4481              16 00000034 00002003 lw               x0, 0(x0)            PA:00000000
                4501              17 00000038 00002003 lw               x0, 0(x0)            PA:00000000
                4521              18 0000003c 00002003 lw               x0, 0(x0)            PA:00000000
                4541              19 00000040 00002003 lw               x0, 0(x0)            PA:00000000
                4561              20 00000044 00002003 lw               x0, 0(x0)            PA:00000000
                4581              21 00000048 00002003 lw               x0, 0(x0)            PA:00000000
                4601              22 0000004c 00002003 lw               x0, 0(x0)            PA:00000000
                4621              23 00000050 00002003 lw               x0, 0(x0)            PA:00000000
                4641              24 00000054 00002003 lw               x0, 0(x0)            PA:00000000
                4661              25 00000058 00002003 lw               x0, 0(x0)            PA:00000000
                4681              26 0000005c 00002003 lw               x0, 0(x0)            PA:00000000
                4701              27 00000060 00002003 lw               x0, 0(x0)            PA:00000000
                4721              28 00000064 00002003 lw               x0, 0(x0)            PA:00000000
                4741              29 00000068 00002003 lw               x0, 0(x0)            PA:00000000
                4761              30 0000006c 00002003 lw               x0, 0(x0)            PA:00000000
                4781              31 00000070 00002003 lw               x0, 0(x0)            PA:00000000
                4801              32 00000074 00002003 lw               x0, 0(x0)            PA:00000000
                4821              33 00000078 00002003 lw               x0, 0(x0)            PA:00000000
                4841              34 0000007c 00002003 lw               x0, 0(x0)            PA:00000000
                4861              35 00000080 00002003 lw               x0, 0(x0)            PA:00000000
                4881              36 00000084 00002003 lw               x0, 0(x0)            PA:00000000
                4901              37 00000088 00002003 lw               x0, 0(x0)            PA:00000000
                4921              38 0000008c 00002003 lw               x0, 0(x0)            PA:00000000
                4941              39 00000090 00002003 lw               x0, 0(x0)            PA:00000000
                4961              40 00000094 00002003 lw               x0, 0(x0)            PA:00000000
                4981              41 00000098 00002003 lw               x0, 0(x0)            PA:00000000
                5001              42 0000009c 00002003 lw               x0, 0(x0)            PA:00000000
                5021              43 000000a0 00002003 lw               x0, 0(x0)            PA:00000000
                5041              44 000000a4 00002003 lw               x0, 0(x0)            PA:00000000
                5061              45 000000a8 00002003 lw               x0, 0(x0)            PA:00000000
                5081              46 000000ac f4007aef jal              x21, -1018048       x21=000000b0
                5121              48 fff077ec 01502023 sw               x21, 0(x0)          x21:000000b0  PA:00000000
                5141              49 fff077f0 01502023 sw               x21, 0(x0)          x21:000000b0  PA:00000000
                5161              50 fff077f4 01502023 sw               x21, 0(x0)          x21:000000b0  PA:00000000
                5181              51 fff077f8 01502023 sw               x21, 0(x0)          x21:000000b0  PA:00000000
                5201              52 fff077fc 01502023 sw               x21, 0(x0)          x21:000000b0  PA:00000000
                5221              53 fff07800 01502023 sw               x21, 0(x0)          x21:000000b0  PA:00000000
                5241              54 fff07804 01502023 sw               x21, 0(x0)          x21:000000b0  PA:00000000
                5261              55 fff07808 01502023 sw               x21, 0(x0)          x21:000000b0  PA:00000000
                5281              56 fff0780c 01502023 sw               x21, 0(x0)          x21:000000b0  PA:00000000
                5301              57 fff07810 01502023 sw               x21, 0(x0)          x21:000000b0  PA:00000000
                5321              58 fff07814 01502023 sw               x21, 0(x0)          x21:000000b0  PA:00000000
                5341              59 fff07818 01502023 sw               x21, 0(x0)          x21:000000b0  PA:00000000
                5361              60 fff0781c 01502023 sw               x21, 0(x0)          x21:000000b0  PA:00000000
                5381              61 fff07820 01502023 sw               x21, 0(x0)          x21:000000b0  PA:00000000
                5401              62 fff07824 01502023 sw               x21, 0(x0)          x21:000000b0  PA:00000000
                5421              63 fff07828 01502023 sw               x21, 0(x0)          x21:000000b0  PA:00000000
                5441              64 fff0782c 01502023 sw               x21, 0(x0)          x21:000000b0
                5581               3 00000000 01502023 sw               x21, 0(x0)          x21:00000000  PA:00000000
                5601               4 00000004 01502023 sw               x21, 0(x0)          x21:00000000  PA:00000000
                5621               5 00000008 01502023 sw               x21, 0(x0)          x21:00000000  PA:00000000
                5641               6 0000000c 00002003 lw               x0, 0(x0)            PA:00000000
                5661               7 00000010 00002003 lw               x0, 0(x0)            PA:00000000
                5681               8 00000014 00002003 lw               x0, 0(x0)            PA:00000000
                5701               9 00000018 00002003 lw               x0, 0(x0)            PA:00000000
                5721              10 0000001c 00002003 lw               x0, 0(x0)            PA:00000000
                5741              11 00000020 00002003 lw               x0, 0(x0)            PA:00000000
                5761              12 00000024 00002003 lw               x0, 0(x0)            PA:00000000
                5781              13 00000028 00002003 lw               x0, 0(x0)            PA:00000000
                5801              14 0000002c 00002003 lw               x0, 0(x0)            PA:00000000
                5821              15 00000030 00002003 lw               x0, 0(x0)            PA:00000000
                5841              16 00000034 00002003 lw               x0, 0(x0)            PA:00000000
                5861              17 00000038 00002003 lw               x0, 0(x0)            PA:00000000
                5881              18 0000003c 00002003 lw               x0, 0(x0)            PA:00000000
                5901              19 00000040 00002003 lw               x0, 0(x0)            PA:00000000
                5921              20 00000044 00002003 lw               x0, 0(x0)            PA:00000000
                5941              21 00000048 00002003 lw               x0, 0(x0)            PA:00000000
                5961              22 0000004c 00002003 lw               x0, 0(x0)            PA:00000000
                5981              23 00000050 00002003 lw               x0, 0(x0)            PA:00000000
                6001              24 00000054 00002003 lw               x0, 0(x0)            PA:00000000
                6021              25 00000058 00002003 lw               x0, 0(x0)            PA:00000000
                6041              26 0000005c 00002003 lw               x0, 0(x0)            PA:00000000
                6061              27 00000060 00002003 lw               x0, 0(x0)            PA:00000000
                6081              28 00000064 00002003 lw               x0, 0(x0)            PA:00000000
                6101              29 00000068 00002003 lw               x0, 0(x0)            PA:00000000
                6121              30 0000006c 00002003 lw               x0, 0(x0)            PA:00000000
                6141              31 00000070 00002003 lw               x0, 0(x0)            PA:00000000
                6161              32 00000074 00002003 lw               x0, 0(x0)            PA:00000000
                6181              33 00000078 00002003 lw               x0, 0(x0)            PA:00000000
                6201              34 0000007c 00002003 lw               x0, 0(x0)            PA:00000000
                6221              35 00000080 00002003 lw               x0, 0(x0)            PA:00000000
                6241              36 00000084 00002003 lw               x0, 0(x0)            PA:00000000
                6261              37 00000088 00002003 lw               x0, 0(x0)            PA:00000000
                6281              38 0000008c 00002003 lw               x0, 0(x0)            PA:00000000
                6301              39 00000090 00002003 lw               x0, 0(x0)            PA:00000000
                6321              40 00000094 00002003 lw               x0, 0(x0)            PA:00000000
                6341              41 00000098 00002003 lw               x0, 0(x0)            PA:00000000
                6361              42 0000009c 00002003 lw               x0, 0(x0)            PA:00000000
                6381              43 000000a0 00002003 lw               x0, 0(x0)            PA:00000000
                6401              44 000000a4 00002003 lw               x0, 0(x0)            PA:00000000
                6421              45 000000a8 00002003 lw               x0, 0(x0)            PA:00000000
                6441              46 000000ac c03b22ef jal              x5, -316414          x5=000000b0
                6481              48 fffb2cae 00410613 addi             x12, x2, 4          x12=00000004  x2:00000000
                6501              49 fffb2cb0 00502023 sw               x5, 0(x0)            x5:000000b0  PA:00000000
                6521              50 fffb2cb4 00502023 sw               x5, 0(x0)            x5:000000b0  PA:00000000
                6541              51 fffb2cb8 00502023 sw               x5, 0(x0)            x5:000000b0  PA:00000000
                6561              52 fffb2cbc 00502023 sw               x5, 0(x0)            x5:000000b0  PA:00000000
                6581              53 fffb2cc0 00502023 sw               x5, 0(x0)            x5:000000b0  PA:00000000
                6601              54 fffb2cc4 00502023 sw               x5, 0(x0)            x5:000000b0  PA:00000000
                6621              55 fffb2cc8 00502023 sw               x5, 0(x0)            x5:000000b0  PA:00000000
                6641              56 fffb2ccc 00502023 sw               x5, 0(x0)            x5:000000b0  PA:00000000
                6661              57 fffb2cd0 00502023 sw               x5, 0(x0)            x5:000000b0  PA:00000000
                6681              58 fffb2cd4 00502023 sw               x5, 0(x0)            x5:000000b0  PA:00000000
                6701              59 fffb2cd8 00502023 sw               x5, 0(x0)            x5:000000b0  PA:00000000
                6721              60 fffb2cdc 00502023 sw               x5, 0(x0)            x5:000000b0  PA:00000000
                6741              61 fffb2ce0 00502023 sw               x5, 0(x0)            x5:000000b0  PA:00000000
                6761              62 fffb2ce4 00502023 sw               x5, 0(x0)            x5:000000b0  PA:00000000
                6781              63 fffb2ce8 00502023 sw               x5, 0(x0)            x5:000000b0  PA:00000000
                6801              64 fffb2cec 00502023 sw               x5, 0(x0)            x5:000000b0
                6941               3 00000000 00502023 sw               x5, 0(x0)            x5:00000000  PA:00000000
                6961               4 00000004 00502023 sw               x5, 0(x0)            x5:00000000  PA:00000000
                6981               5 00000008 00502023 sw               x5, 0(x0)            x5:00000000  PA:00000000
                7001               6 0000000c 00002003 lw               x0, 0(x0)            PA:00000000
                7021               7 00000010 00002003 lw               x0, 0(x0)            PA:00000000
                7041               8 00000014 00002003 lw               x0, 0(x0)            PA:00000000
                7061               9 00000018 00002003 lw               x0, 0(x0)            PA:00000000
                7081              10 0000001c 00002003 lw               x0, 0(x0)            PA:00000000
                7101              11 00000020 00002003 lw               x0, 0(x0)            PA:00000000
                7121              12 00000024 00002003 lw               x0, 0(x0)            PA:00000000
                7141              13 00000028 00002003 lw               x0, 0(x0)            PA:00000000
                7161              14 0000002c 00002003 lw               x0, 0(x0)            PA:00000000
                7181              15 00000030 00002003 lw               x0, 0(x0)            PA:00000000
                7201              16 00000034 00002003 lw               x0, 0(x0)            PA:00000000
                7221              17 00000038 00002003 lw               x0, 0(x0)            PA:00000000
                7241              18 0000003c 00002003 lw               x0, 0(x0)            PA:00000000
                7261              19 00000040 00002003 lw               x0, 0(x0)            PA:00000000
                7281              20 00000044 00002003 lw               x0, 0(x0)            PA:00000000
                7301              21 00000048 00002003 lw               x0, 0(x0)            PA:00000000
                7321              22 0000004c 00002003 lw               x0, 0(x0)            PA:00000000
                7341              23 00000050 00002003 lw               x0, 0(x0)            PA:00000000
                7361              24 00000054 00002003 lw               x0, 0(x0)            PA:00000000
                7381              25 00000058 00002003 lw               x0, 0(x0)            PA:00000000
                7401              26 0000005c 00002003 lw               x0, 0(x0)            PA:00000000
                7421              27 00000060 00002003 lw               x0, 0(x0)            PA:00000000
                7441              28 00000064 00002003 lw               x0, 0(x0)            PA:00000000
                7461              29 00000068 00002003 lw               x0, 0(x0)            PA:00000000
                7481              30 0000006c 00002003 lw               x0, 0(x0)            PA:00000000
                7501              31 00000070 00002003 lw               x0, 0(x0)            PA:00000000
                7521              32 00000074 00002003 lw               x0, 0(x0)            PA:00000000
                7541              33 00000078 00002003 lw               x0, 0(x0)            PA:00000000
                7561              34 0000007c 00002003 lw               x0, 0(x0)            PA:00000000
                7581              35 00000080 00002003 lw               x0, 0(x0)            PA:00000000
                7601              36 00000084 00002003 lw               x0, 0(x0)            PA:00000000
                7621              37 00000088 00002003 lw               x0, 0(x0)            PA:00000000
                7641              38 0000008c 00002003 lw               x0, 0(x0)            PA:00000000
                7661              39 00000090 00002003 lw               x0, 0(x0)            PA:00000000
                7681              40 00000094 00002003 lw               x0, 0(x0)            PA:00000000
                7701              41 00000098 00002003 lw               x0, 0(x0)            PA:00000000
                7721              42 0000009c 00002003 lw               x0, 0(x0)            PA:00000000
                7741              43 000000a0 00002003 lw               x0, 0(x0)            PA:00000000
                7761              44 000000a4 00002003 lw               x0, 0(x0)            PA:00000000
                7781              45 000000a8 00002003 lw               x0, 0(x0)            PA:00000000
                7801              46 000000ac 359fdd6f jal              x26, 1039192        x26=000000b0
                7841              48 000fdc04 01a02023 sw               x26, 0(x0)          x26:000000b0  PA:00000000
                7861              49 000fdc08 01a02023 sw               x26, 0(x0)          x26:000000b0  PA:00000000
                7881              50 000fdc0c 01a02023 sw               x26, 0(x0)          x26:000000b0  PA:00000000
                7901              51 000fdc10 01a02023 sw               x26, 0(x0)          x26:000000b0  PA:00000000
                7921              52 000fdc14 01a02023 sw               x26, 0(x0)          x26:000000b0  PA:00000000
                7941              53 000fdc18 01a02023 sw               x26, 0(x0)          x26:000000b0  PA:00000000
                7961              54 000fdc1c 01a02023 sw               x26, 0(x0)          x26:000000b0  PA:00000000
                7981              55 000fdc20 01a02023 sw               x26, 0(x0)          x26:000000b0  PA:00000000
                8001              56 000fdc24 01a02023 sw               x26, 0(x0)          x26:000000b0  PA:00000000
                8021              57 000fdc28 01a02023 sw               x26, 0(x0)          x26:000000b0  PA:00000000
                8041              58 000fdc2c 01a02023 sw               x26, 0(x0)          x26:000000b0  PA:00000000
                8061              59 000fdc30 01a02023 sw               x26, 0(x0)          x26:000000b0  PA:00000000
                8081              60 000fdc34 01a02023 sw               x26, 0(x0)          x26:000000b0  PA:00000000
                8101              61 000fdc38 01a02023 sw               x26, 0(x0)          x26:000000b0  PA:00000000
                8121              62 000fdc3c 01a02023 sw               x26, 0(x0)          x26:000000b0  PA:00000000
                8141              63 000fdc40 01a02023 sw               x26, 0(x0)          x26:000000b0  PA:00000000
                8161              64 000fdc44 01a02023 sw               x26, 0(x0)          x26:000000b0
                8301               3 00000000 01a02023 sw               x26, 0(x0)          x26:00000000  PA:00000000
                8321               4 00000004 01a02023 sw               x26, 0(x0)          x26:00000000  PA:00000000
                8341               5 00000008 01a02023 sw               x26, 0(x0)          x26:00000000  PA:00000000
                8361               6 0000000c 00002003 lw               x0, 0(x0)            PA:00000000
                8381               7 00000010 00002003 lw               x0, 0(x0)            PA:00000000
                8401               8 00000014 00002003 lw               x0, 0(x0)            PA:00000000
                8421               9 00000018 00002003 lw               x0, 0(x0)            PA:00000000
                8441              10 0000001c 00002003 lw               x0, 0(x0)            PA:00000000
                8461              11 00000020 00002003 lw               x0, 0(x0)            PA:00000000
                8481              12 00000024 00002003 lw               x0, 0(x0)            PA:00000000
                8501              13 00000028 00002003 lw               x0, 0(x0)            PA:00000000
                8521              14 0000002c 00002003 lw               x0, 0(x0)            PA:00000000
                8541              15 00000030 00002003 lw               x0, 0(x0)            PA:00000000
                8561              16 00000034 00002003 lw               x0, 0(x0)            PA:00000000
                8581              17 00000038 00002003 lw               x0, 0(x0)            PA:00000000
                8601              18 0000003c 00002003 lw               x0, 0(x0)            PA:00000000
                8621              19 00000040 00002003 lw               x0, 0(x0)            PA:00000000
                8641              20 00000044 00002003 lw               x0, 0(x0)            PA:00000000
                8661              21 00000048 00002003 lw               x0, 0(x0)            PA:00000000
                8681              22 0000004c 00002003 lw               x0, 0(x0)            PA:00000000
                8701              23 00000050 00002003 lw               x0, 0(x0)            PA:00000000
                8721              24 00000054 00002003 lw               x0, 0(x0)            PA:00000000
                8741              25 00000058 00002003 lw               x0, 0(x0)            PA:00000000
                8761              26 0000005c 00002003 lw               x0, 0(x0)            PA:00000000
                8781              27 00000060 00002003 lw               x0, 0(x0)            PA:00000000
                8801              28 00000064 00002003 lw               x0, 0(x0)            PA:00000000
                8821              29 00000068 00002003 lw               x0, 0(x0)            PA:00000000
                8841              30 0000006c 00002003 lw               x0, 0(x0)            PA:00000000
                8861              31 00000070 00002003 lw               x0, 0(x0)            PA:00000000
                8881              32 00000074 00002003 lw               x0, 0(x0)            PA:00000000
                8901              33 00000078 00002003 lw               x0, 0(x0)            PA:00000000
                8921              34 0000007c 00002003 lw               x0, 0(x0)            PA:00000000
                8941              35 00000080 00002003 lw               x0, 0(x0)            PA:00000000
                8961              36 00000084 00002003 lw               x0, 0(x0)            PA:00000000
                8981              37 00000088 00002003 lw               x0, 0(x0)            PA:00000000
                9001              38 0000008c 00002003 lw               x0, 0(x0)            PA:00000000
                9021              39 00000090 00002003 lw               x0, 0(x0)            PA:00000000
                9041              40 00000094 00002003 lw               x0, 0(x0)            PA:00000000
                9061              41 00000098 00002003 lw               x0, 0(x0)            PA:00000000
                9081              42 0000009c 00002003 lw               x0, 0(x0)            PA:00000000
                9101              43 000000a0 00002003 lw               x0, 0(x0)            PA:00000000
                9121              44 000000a4 00002003 lw               x0, 0(x0)            PA:00000000
                9141              45 000000a8 00002003 lw               x0, 0(x0)            PA:00000000
                9161              46 000000ac e5730aef jal              x21, -848298        x21=000000b0
                9201              48 fff30f02 08410613 addi             x12, x2, 132        x12=00000084  x2:00000000
                9221              49 fff30f04 01502023 sw               x21, 0(x0)          x21:000000b0  PA:00000000
                9241              50 fff30f08 01502023 sw               x21, 0(x0)          x21:000000b0  PA:00000000
                9261              51 fff30f0c 01502023 sw               x21, 0(x0)          x21:000000b0  PA:00000000
                9281              52 fff30f10 01502023 sw               x21, 0(x0)          x21:000000b0  PA:00000000
                9301              53 fff30f14 01502023 sw               x21, 0(x0)          x21:000000b0  PA:00000000
                9321              54 fff30f18 01502023 sw               x21, 0(x0)          x21:000000b0  PA:00000000
                9341              55 fff30f1c 01502023 sw               x21, 0(x0)          x21:000000b0  PA:00000000
                9361              56 fff30f20 01502023 sw               x21, 0(x0)          x21:000000b0  PA:00000000
                9381              57 fff30f24 01502023 sw               x21, 0(x0)          x21:000000b0  PA:00000000
                9401              58 fff30f28 01502023 sw               x21, 0(x0)          x21:000000b0  PA:00000000
                9421              59 fff30f2c 01502023 sw               x21, 0(x0)          x21:000000b0  PA:00000000
                9441              60 fff30f30 01502023 sw               x21, 0(x0)          x21:000000b0  PA:00000000
                9461              61 fff30f34 01502023 sw               x21, 0(x0)          x21:000000b0  PA:00000000
                9481              62 fff30f38 01502023 sw               x21, 0(x0)          x21:000000b0  PA:00000000
                9501              63 fff30f3c 01502023 sw               x21, 0(x0)          x21:000000b0  PA:00000000
                9521              64 fff30f40 01502023 sw               x21, 0(x0)          x21:000000b0
                9661               3 00000000 01502023 sw               x21, 0(x0)          x21:00000000  PA:00000000
                9681               4 00000004 01502023 sw               x21, 0(x0)          x21:00000000  PA:00000000
                9701               5 00000008 01502023 sw               x21, 0(x0)          x21:00000000  PA:00000000
                9721               6 0000000c 00002003 lw               x0, 0(x0)            PA:00000000
                9741               7 00000010 00002003 lw               x0, 0(x0)            PA:00000000
                9761               8 00000014 00002003 lw               x0, 0(x0)            PA:00000000
                9781               9 00000018 00002003 lw               x0, 0(x0)            PA:00000000
                9801              10 0000001c 00002003 lw               x0, 0(x0)            PA:00000000
                9821              11 00000020 00002003 lw               x0, 0(x0)            PA:00000000
                9841              12 00000024 00002003 lw               x0, 0(x0)            PA:00000000
                9861              13 00000028 00002003 lw               x0, 0(x0)            PA:00000000
                9881              14 0000002c 00002003 lw               x0, 0(x0)            PA:00000000
                9901              15 00000030 00002003 lw               x0, 0(x0)            PA:00000000
                9921              16 00000034 00002003 lw               x0, 0(x0)            PA:00000000
                9941              17 00000038 00002003 lw               x0, 0(x0)            PA:00000000
                9961              18 0000003c 00002003 lw               x0, 0(x0)            PA:00000000
                9981              19 00000040 00002003 lw               x0, 0(x0)            PA:00000000
               10001              20 00000044 00002003 lw               x0, 0(x0)            PA:00000000
               10021              21 00000048 00002003 lw               x0, 0(x0)            PA:00000000
               10041              22 0000004c 00002003 lw               x0, 0(x0)            PA:00000000
               10061              23 00000050 00002003 lw               x0, 0(x0)            PA:00000000
               10081              24 00000054 00002003 lw               x0, 0(x0)            PA:00000000
               10101              25 00000058 00002003 lw               x0, 0(x0)            PA:00000000
               10121              26 0000005c 00002003 lw               x0, 0(x0)            PA:00000000
               10141              27 00000060 00002003 lw               x0, 0(x0)            PA:00000000
               10161              28 00000064 00002003 lw               x0, 0(x0)            PA:00000000
               10181              29 00000068 00002003 lw               x0, 0(x0)            PA:00000000
               10201              30 0000006c 00002003 lw               x0, 0(x0)            PA:00000000
               10221              31 00000070 00002003 lw               x0, 0(x0)            PA:00000000
               10241              32 00000074 00002003 lw               x0, 0(x0)            PA:00000000
               10261              33 00000078 00002003 lw               x0, 0(x0)            PA:00000000
               10281              34 0000007c 00002003 lw               x0, 0(x0)            PA:00000000
               10301              35 00000080 00002003 lw               x0, 0(x0)            PA:00000000
               10321              36 00000084 00002003 lw               x0, 0(x0)            PA:00000000
               10341              37 00000088 00002003 lw               x0, 0(x0)            PA:00000000
               10361              38 0000008c 00002003 lw               x0, 0(x0)            PA:00000000
               10381              39 00000090 00002003 lw               x0, 0(x0)            PA:00000000
               10401              40 00000094 00002003 lw               x0, 0(x0)            PA:00000000
               10421              41 00000098 00002003 lw               x0, 0(x0)            PA:00000000
               10441              42 0000009c 00002003 lw               x0, 0(x0)            PA:00000000
               10461              43 000000a0 00002003 lw               x0, 0(x0)            PA:00000000
               10481              44 000000a4 00002003 lw               x0, 0(x0)            PA:00000000
               10501              45 000000a8 00002003 lw               x0, 0(x0)            PA:00000000
               10521              46 000000ac 75c50def jal              x27, 329564         x27=000000b0
               10561              48 00050808 01b02023 sw               x27, 0(x0)          x27:000000b0  PA:00000000
               10581              49 0005080c 01b02023 sw               x27, 0(x0)          x27:000000b0  PA:00000000
               10601              50 00050810 01b02023 sw               x27, 0(x0)          x27:000000b0  PA:00000000
               10621              51 00050814 01b02023 sw               x27, 0(x0)          x27:000000b0  PA:00000000
               10641              52 00050818 01b02023 sw               x27, 0(x0)          x27:000000b0  PA:00000000
               10661              53 0005081c 01b02023 sw               x27, 0(x0)          x27:000000b0  PA:00000000
               10681              54 00050820 01b02023 sw               x27, 0(x0)          x27:000000b0  PA:00000000
               10701              55 00050824 01b02023 sw               x27, 0(x0)          x27:000000b0  PA:00000000
               10721              56 00050828 01b02023 sw               x27, 0(x0)          x27:000000b0  PA:00000000
               10741              57 0005082c 01b02023 sw               x27, 0(x0)          x27:000000b0  PA:00000000
               10761              58 00050830 01b02023 sw               x27, 0(x0)          x27:000000b0  PA:00000000
               10781              59 00050834 01b02023 sw               x27, 0(x0)          x27:000000b0  PA:00000000
               10801              60 00050838 01b02023 sw               x27, 0(x0)          x27:000000b0  PA:00000000
               10821              61 0005083c 01b02023 sw               x27, 0(x0)          x27:000000b0  PA:00000000
               10841              62 00050840 01b02023 sw               x27, 0(x0)          x27:000000b0  PA:00000000
               10861              63 00050844 01b02023 sw               x27, 0(x0)          x27:000000b0  PA:00000000
               10881              64 00050848 01b02023 sw               x27, 0(x0)          x27:000000b0
               11021               3 00000000 01b02023 sw               x27, 0(x0)          x27:00000000  PA:00000000
               11041               4 00000004 01b02023 sw               x27, 0(x0)          x27:00000000  PA:00000000
               11061               5 00000008 01b02023 sw               x27, 0(x0)          x27:00000000  PA:00000000
               11081               6 0000000c 00002003 lw               x0, 0(x0)            PA:00000000
               11101               7 00000010 00002003 lw               x0, 0(x0)            PA:00000000
               11121               8 00000014 00002003 lw               x0, 0(x0)            PA:00000000
               11141               9 00000018 00002003 lw               x0, 0(x0)            PA:00000000
               11161              10 0000001c 00002003 lw               x0, 0(x0)            PA:00000000
               11181              11 00000020 00002003 lw               x0, 0(x0)            PA:00000000
               11201              12 00000024 00002003 lw               x0, 0(x0)            PA:00000000
               11221              13 00000028 00002003 lw               x0, 0(x0)            PA:00000000
               11241              14 0000002c 00002003 lw               x0, 0(x0)            PA:00000000
               11261              15 00000030 00002003 lw               x0, 0(x0)            PA:00000000
               11281              16 00000034 00002003 lw               x0, 0(x0)            PA:00000000
               11301              17 00000038 00002003 lw               x0, 0(x0)            PA:00000000
               11321              18 0000003c 00002003 lw               x0, 0(x0)            PA:00000000
               11341              19 00000040 00002003 lw               x0, 0(x0)            PA:00000000
               11361              20 00000044 00002003 lw               x0, 0(x0)            PA:00000000
               11381              21 00000048 00002003 lw               x0, 0(x0)            PA:00000000
               11401              22 0000004c 00002003 lw               x0, 0(x0)            PA:00000000
               11421              23 00000050 00002003 lw               x0, 0(x0)            PA:00000000
               11441              24 00000054 00002003 lw               x0, 0(x0)            PA:00000000
               11461              25 00000058 00002003 lw               x0, 0(x0)            PA:00000000
               11481              26 0000005c 00002003 lw               x0, 0(x0)            PA:00000000
               11501              27 00000060 00002003 lw               x0, 0(x0)            PA:00000000
               11521              28 00000064 00002003 lw               x0, 0(x0)            PA:00000000
               11541              29 00000068 00002003 lw               x0, 0(x0)            PA:00000000
               11561              30 0000006c 00002003 lw               x0, 0(x0)            PA:00000000
               11581              31 00000070 00002003 lw               x0, 0(x0)            PA:00000000
               11601              32 00000074 00002003 lw               x0, 0(x0)            PA:00000000
               11621              33 00000078 00002003 lw               x0, 0(x0)            PA:00000000
               11641              34 0000007c 00002003 lw               x0, 0(x0)            PA:00000000
               11661              35 00000080 00002003 lw               x0, 0(x0)            PA:00000000
               11681              36 00000084 00002003 lw               x0, 0(x0)            PA:00000000
               11701              37 00000088 00002003 lw               x0, 0(x0)            PA:00000000
               11721              38 0000008c 00002003 lw               x0, 0(x0)            PA:00000000
               11741              39 00000090 00002003 lw               x0, 0(x0)            PA:00000000
               11761              40 00000094 00002003 lw               x0, 0(x0)            PA:00000000
               11781              41 00000098 00002003 lw               x0, 0(x0)            PA:00000000
               11801              42 0000009c 00002003 lw               x0, 0(x0)            PA:00000000
               11821              43 000000a0 00002003 lw               x0, 0(x0)            PA:00000000
               11841              44 000000a4 00002003 lw               x0, 0(x0)            PA:00000000
               11861              45 000000a8 00002003 lw               x0, 0(x0)            PA:00000000
               11881              46 000000ac 42f241ef jal              x3, 150574           x3=000000b0
               11921              48 00024cda 00810613 addi             x12, x2, 8          x12=00000008  x2:00000000
               11941              49 00024cdc 00302023 sw               x3, 0(x0)            x3:000000b0  PA:00000000
               11961              50 00024ce0 00302023 sw               x3, 0(x0)            x3:000000b0  PA:00000000
               11981              51 00024ce4 00302023 sw               x3, 0(x0)            x3:000000b0  PA:00000000
               12001              52 00024ce8 00302023 sw               x3, 0(x0)            x3:000000b0  PA:00000000
               12021              53 00024cec 00302023 sw               x3, 0(x0)            x3:000000b0  PA:00000000
               12041              54 00024cf0 00302023 sw               x3, 0(x0)            x3:000000b0  PA:00000000
               12061              55 00024cf4 00302023 sw               x3, 0(x0)            x3:000000b0  PA:00000000
               12081              56 00024cf8 00302023 sw               x3, 0(x0)            x3:000000b0  PA:00000000
               12101              57 00024cfc 00302023 sw               x3, 0(x0)            x3:000000b0  PA:00000000
               12121              58 00024d00 00302023 sw               x3, 0(x0)            x3:000000b0  PA:00000000
               12141              59 00024d04 00302023 sw               x3, 0(x0)            x3:000000b0  PA:00000000
               12161              60 00024d08 00302023 sw               x3, 0(x0)            x3:000000b0  PA:00000000
               12181              61 00024d0c 00302023 sw               x3, 0(x0)            x3:000000b0  PA:00000000
               12201              62 00024d10 00302023 sw               x3, 0(x0)            x3:000000b0  PA:00000000
               12221              63 00024d14 00302023 sw               x3, 0(x0)            x3:000000b0  PA:00000000
               12241              64 00024d18 00302023 sw               x3, 0(x0)            x3:000000b0
               12381               3 00000000 00302023 sw               x3, 0(x0)            x3:00000000  PA:00000000
               12401               4 00000004 00302023 sw               x3, 0(x0)            x3:00000000  PA:00000000
               12421               5 00000008 00302023 sw               x3, 0(x0)            x3:00000000  PA:00000000
               12441               6 0000000c 00002003 lw               x0, 0(x0)            PA:00000000
               12461               7 00000010 00002003 lw               x0, 0(x0)            PA:00000000
               12481               8 00000014 00002003 lw               x0, 0(x0)            PA:00000000
               12501               9 00000018 00002003 lw               x0, 0(x0)            PA:00000000
               12521              10 0000001c 00002003 lw               x0, 0(x0)            PA:00000000
               12541              11 00000020 00002003 lw               x0, 0(x0)            PA:00000000
               12561              12 00000024 00002003 lw               x0, 0(x0)            PA:00000000
               12581              13 00000028 00002003 lw               x0, 0(x0)            PA:00000000
               12601              14 0000002c 00002003 lw               x0, 0(x0)            PA:00000000
               12621              15 00000030 00002003 lw               x0, 0(x0)            PA:00000000
               12641              16 00000034 00002003 lw               x0, 0(x0)            PA:00000000
               12661              17 00000038 00002003 lw               x0, 0(x0)            PA:00000000
               12681              18 0000003c 00002003 lw               x0, 0(x0)            PA:00000000
               12701              19 00000040 00002003 lw               x0, 0(x0)            PA:00000000
               12721              20 00000044 00002003 lw               x0, 0(x0)            PA:00000000
               12741              21 00000048 00002003 lw               x0, 0(x0)            PA:00000000
               12761              22 0000004c 00002003 lw               x0, 0(x0)            PA:00000000
               12781              23 00000050 00002003 lw               x0, 0(x0)            PA:00000000
               12801              24 00000054 00002003 lw               x0, 0(x0)            PA:00000000
               12821              25 00000058 00002003 lw               x0, 0(x0)            PA:00000000
               12841              26 0000005c 00002003 lw               x0, 0(x0)            PA:00000000
               12861              27 00000060 00002003 lw               x0, 0(x0)            PA:00000000
               12881              28 00000064 00002003 lw               x0, 0(x0)            PA:00000000
               12901              29 00000068 00002003 lw               x0, 0(x0)            PA:00000000
               12921              30 0000006c 00002003 lw               x0, 0(x0)            PA:00000000
               12941              31 00000070 00002003 lw               x0, 0(x0)            PA:00000000
               12961              32 00000074 00002003 lw               x0, 0(x0)            PA:00000000
               12981              33 00000078 00002003 lw               x0, 0(x0)            PA:00000000
               13001              34 0000007c 00002003 lw               x0, 0(x0)            PA:00000000
               13021              35 00000080 00002003 lw               x0, 0(x0)            PA:00000000
               13041              36 00000084 00002003 lw               x0, 0(x0)            PA:00000000
               13061              37 00000088 00002003 lw               x0, 0(x0)            PA:00000000
               13081              38 0000008c 00002003 lw               x0, 0(x0)            PA:00000000
               13101              39 00000090 00002003 lw               x0, 0(x0)            PA:00000000
               13121              40 00000094 00002003 lw               x0, 0(x0)            PA:00000000
               13141              41 00000098 00002003 lw               x0, 0(x0)            PA:00000000
               13161              42 0000009c 00002003 lw               x0, 0(x0)            PA:00000000
               13181              43 000000a0 00002003 lw               x0, 0(x0)            PA:00000000
               13201              44 000000a4 00002003 lw               x0, 0(x0)            PA:00000000
               13221              45 000000a8 00002003 lw               x0, 0(x0)            PA:00000000
               13241              46 000000ac 3123076f jal              x14, 197394         x14=000000b0
               13281              48 000303be 04c10413 addi             x8, x2, 76           x8=0000004c  x2:00000000
               13301              49 000303c0 00e02023 sw               x14, 0(x0)          x14:000000b0  PA:00000000
               13321              50 000303c4 00e02023 sw               x14, 0(x0)          x14:000000b0  PA:00000000
               13341              51 000303c8 00e02023 sw               x14, 0(x0)          x14:000000b0  PA:00000000
               13361              52 000303cc 00e02023 sw               x14, 0(x0)          x14:000000b0  PA:00000000
               13381              53 000303d0 00e02023 sw               x14, 0(x0)          x14:000000b0  PA:00000000
               13401              54 000303d4 00e02023 sw               x14, 0(x0)          x14:000000b0  PA:00000000
               13421              55 000303d8 00e02023 sw               x14, 0(x0)          x14:000000b0  PA:00000000
               13441              56 000303dc 00e02023 sw               x14, 0(x0)          x14:000000b0  PA:00000000
               13461              57 000303e0 00e02023 sw               x14, 0(x0)          x14:000000b0  PA:00000000
               13481              58 000303e4 00e02023 sw               x14, 0(x0)          x14:000000b0  PA:00000000
               13501              59 000303e8 00e02023 sw               x14, 0(x0)          x14:000000b0  PA:00000000
               13521              60 000303ec 00e02023 sw               x14, 0(x0)          x14:000000b0  PA:00000000
               13541              61 000303f0 00e02023 sw               x14, 0(x0)          x14:000000b0  PA:00000000
